INFO: cmd_ln.c(506): Parsing command line:
/usr/local/libexec/sphinxtrain/mk_mdef_gen \
	-phnlstfn /home/corey/workspace/MyMastersProject/resources/training/database/model_architecture/database.phonelist \
	-oalltphnmdef /home/corey/workspace/MyMastersProject/resources/training/database/model_architecture/database.alltriphones.mdef \
	-dictfn /home/corey/workspace/MyMastersProject/resources/training/database/etc/database.dic \
	-fdictfn /home/corey/workspace/MyMastersProject/resources/training/database/etc/database.filler \
	-n_state_pm 3 

Current configuration:
[NAME]		[DEFLT]	[VALUE]
-dictfn			/home/corey/workspace/MyMastersProject/resources/training/database/etc/database.dic
-example	no	no
-fdictfn		/home/corey/workspace/MyMastersProject/resources/training/database/etc/database.filler
-help		no	no
-ignorewpos	no	no
-inCDmdef		
-inCImdef		
-lsnfn			
-maxtriphones	100000	100000
-minocc		1	1
-n_state_pm	3	3
-oalltphnmdef		/home/corey/workspace/MyMastersProject/resources/training/database/model_architecture/database.alltriphones.mdef
-ocimdef		
-ocountfn		
-ountiedmdef		
-phnlstfn		/home/corey/workspace/MyMastersProject/resources/training/database/model_architecture/database.phonelist
-triphnlstfn		

INFO: main.c(94): Will write alltriphone mdef file /home/corey/workspace/MyMastersProject/resources/training/database/model_architecture/database.alltriphones.mdef
/usr/local/libexec/sphinxtrain/mk_mdef_gen: symbol lookup error: /usr/local/libexec/sphinxtrain/mk_mdef_gen: undefined symbol: lineiter_start_clean
Sun Oct 27 12:53:19 2013
