        INFO: main.c(229): Compiled on Sep 18 2013 at 22:37:58
INFO: cmd_ln.c(506): Parsing command line:
/usr/local/libexec/sphinxtrain/bw \
	-moddeffn /home/corey/workspace/MyMastersProject/resources/training/database/model_architecture/database.200.mdef \
	-ts2cbfn .cont. \
	-mixwfn /home/corey/workspace/MyMastersProject/resources/training/database/model_parameters/database.cd_cont_initial/mixture_weights \
	-mwfloor 1e-05 \
	-tpfloor 1e-05 \
	-tmatfn /home/corey/workspace/MyMastersProject/resources/training/database/model_parameters/database.cd_cont_initial/transition_matrices \
	-meanfn /home/corey/workspace/MyMastersProject/resources/training/database/model_parameters/database.cd_cont_initial/means \
	-varfn /home/corey/workspace/MyMastersProject/resources/training/database/model_parameters/database.cd_cont_initial/variances \
	-dictfn /home/corey/workspace/MyMastersProject/resources/training/database/etc/database.dic \
	-fdictfn /home/corey/workspace/MyMastersProject/resources/training/database/etc/database.filler \
	-ctlfn /home/corey/workspace/MyMastersProject/resources/training/database/etc/database_train.fileids \
	-part 1 \
	-npart 1 \
	-cepdir /home/corey/workspace/MyMastersProject/resources/training/database/feat \
	-cepext mfc \
	-lsnfn /home/corey/workspace/MyMastersProject/resources/training/database/etc/database_train.transcription \
	-accumdir /home/corey/workspace/MyMastersProject/resources/training/database/bwaccumdir/database_buff_1 \
	-varfloor 0.0001 \
	-topn 1 \
	-abeam 1e-90 \
	-bbeam 1e-10 \
	-agc none \
	-cmn current \
	-varnorm no \
	-meanreest yes \
	-varreest yes \
	-2passvar no \
	-tmatreest yes \
	-fullvar no \
	-diagfull no \
	-feat 1s_c_d_dd \
	-ceplen 13 \
	-timing no 

Current configuration:
[NAME]			[DEFLT]		[VALUE]
-2passvar		no		no
-abeam			1e-100		1.000000e-90
-accumdir				/home/corey/workspace/MyMastersProject/resources/training/database/bwaccumdir/database_buff_1
-agc			none		none
-agcthresh		2.0		2.000000e+00
-bbeam			1e-100		1.000000e-10
-cb2mllrfn		.1cls.		.1cls.
-cepdir					/home/corey/workspace/MyMastersProject/resources/training/database/feat
-cepext			mfc		mfc
-ceplen			13		13
-ckptintv				0
-cmn			current		current
-cmninit		8.0		8.0
-ctlfn					/home/corey/workspace/MyMastersProject/resources/training/database/etc/database_train.fileids
-diagfull		no		no
-dictfn					/home/corey/workspace/MyMastersProject/resources/training/database/etc/database.dic
-example		no		no
-fdictfn				/home/corey/workspace/MyMastersProject/resources/training/database/etc/database.filler
-feat			1s_c_d_dd	1s_c_d_dd
-fullsuffixmatch	no		no
-fullvar		no		no
-help			no		no
-hmmdir					
-latdir					
-latext					
-lda					
-ldaaccum		no		no
-ldadim			0		0
-lsnfn					/home/corey/workspace/MyMastersProject/resources/training/database/etc/database_train.transcription
-lw			11.5		1.150000e+01
-maxuttlen		0		0
-meanfn					/home/corey/workspace/MyMastersProject/resources/training/database/model_parameters/database.cd_cont_initial/means
-meanreest		yes		yes
-mixwfn					/home/corey/workspace/MyMastersProject/resources/training/database/model_parameters/database.cd_cont_initial/mixture_weights
-mixwreest		yes		yes
-mllrmat				
-mmie			no		no
-mmie_type		rand		rand
-moddeffn				/home/corey/workspace/MyMastersProject/resources/training/database/model_architecture/database.200.mdef
-mwfloor		0.00001		1.000000e-05
-npart					1
-nskip					0
-outphsegdir				
-outputfullpath		no		no
-part					1
-pdumpdir				
-phsegdir				
-phsegext		phseg		phseg
-runlen			-1		-1
-sentdir				
-sentext		sent		sent
-spthresh		0.0		0.000000e+00
-svspec					
-timing			yes		no
-tmatfn					/home/corey/workspace/MyMastersProject/resources/training/database/model_parameters/database.cd_cont_initial/transition_matrices
-tmatreest		yes		yes
-topn			4		1
-tpfloor		0.0001		1.000000e-05
-ts2cbfn				.cont.
-varfloor		0.00001		1.000000e-04
-varfn					/home/corey/workspace/MyMastersProject/resources/training/database/model_parameters/database.cd_cont_initial/variances
-varnorm		no		no
-varreest		yes		yes
-viterbi		no		no

INFO: feat.c(849): Initializing feature stream to type: '1s_c_d_dd', ceplen=13, CMN='current', VARNORM='no', AGC='none'
INFO: cmn.c(142): mean[0]= 12.00, mean[1..12]= 0.0
INFO: main.c(318): Reading /home/corey/workspace/MyMastersProject/resources/training/database/model_architecture/database.200.mdef
SYSTEM_ERROR: "model_def_io.c", line 412: Unable to open /home/corey/workspace/MyMastersProject/resources/training/database/model_architecture/database.200.mdef for reading; No such file or directory
FATAL_ERROR: "main.c", line 1857: initialization failed
Sun Oct 27 12:53:19 2013
