INFO: cmd_ln.c(506): Parsing command line:
/usr/local/libexec/sphinxtrain/make_quests \
	-moddeffn /home/corey/workspace/MyMastersProject/resources/training/database/model_architecture/database.ci.mdef \
	-meanfn /home/corey/workspace/MyMastersProject/resources/training/database/model_parameters/database.ci_cont/means \
	-varfn /home/corey/workspace/MyMastersProject/resources/training/database/model_parameters/database.ci_cont/variances \
	-fullvar no \
	-mixwfn /home/corey/workspace/MyMastersProject/resources/training/database/model_parameters/database.ci_cont/mixture_weights \
	-npermute 12 \
	-niter 1 \
	-qstperstt 20 \
	-questfn /home/corey/workspace/MyMastersProject/resources/training/database/model_architecture/database.tree_questions \
	-type .cont. 

Current configuration:
[NAME]		[DEFLT]			[VALUE]
-example	no			no
-fullvar	no			no
-help		no			no
-meanfn					/home/corey/workspace/MyMastersProject/resources/training/database/model_parameters/database.ci_cont/means
-mixwfn					/home/corey/workspace/MyMastersProject/resources/training/database/model_parameters/database.ci_cont/mixture_weights
-moddeffn				/home/corey/workspace/MyMastersProject/resources/training/database/model_architecture/database.ci.mdef
-niter		0			1
-npermute	6			12
-qstperstt	8			20
-questfn				/home/corey/workspace/MyMastersProject/resources/training/database/model_architecture/database.tree_questions
-tempfn		/tmp/TEMP.QUESTS	/tmp/TEMP.QUESTS
-type					.cont.
-varfloor	1.0e-08			1.000000e-08
-varfn					/home/corey/workspace/MyMastersProject/resources/training/database/model_parameters/database.ci_cont/variances

INFO: main.c(792): Reading: /home/corey/workspace/MyMastersProject/resources/training/database/model_architecture/database.ci.mdef
SYSTEM_ERROR: "model_def_io.c", line 412: Unable to open /home/corey/workspace/MyMastersProject/resources/training/database/model_architecture/database.ci.mdef for reading; No such file or directory
FATAL_ERROR: "main.c", line 1057: Initialization failed
Sun Oct 27 12:53:18 2013
