        INFO: cmd_ln.c(506): Parsing command line:
pocketsphinx_batch \
	-hmm /home/corey/workspace/MyMastersProject/resources/training/database/model_parameters/database.cd_cont_200 \
	-lw 10 \
	-feat 1s_c_d_dd \
	-beam 1e-80 \
	-wbeam 1e-40 \
	-dict /home/corey/workspace/MyMastersProject/resources/training/database/etc/database.dic \
	-lm /home/corey/workspace/MyMastersProject/resources/training/database/etc/database.lm.DMP \
	-wip 0.2 \
	-ctl /home/corey/workspace/MyMastersProject/resources/training/database/etc/database_test.fileids \
	-ctloffset 0 \
	-ctlcount 1 \
	-cepdir /home/corey/workspace/MyMastersProject/resources/training/database/feat \
	-cepext .mfc \
	-hyp /home/corey/workspace/MyMastersProject/resources/training/database/result/database-1-1.match \
	-agc none \
	-varnorm no \
	-cmn current 

Current configuration:
[NAME]		[DEFLT]		[VALUE]
-adchdr		0		0
-adcin		no		no
-agc		none		none
-agcthresh	2.0		2.000000e+00
-alpha		0.97		9.700000e-01
-argfile			
-ascale		20.0		2.000000e+01
-aw		1		1
-backtrace	no		no
-beam		1e-48		1.000000e-80
-bestpath	yes		yes
-bestpathlw	9.5		9.500000e+00
-bghist		no		no
-build_outdirs	yes		yes
-cepdir				/home/corey/workspace/MyMastersProject/resources/training/database/feat
-cepext		.mfc		.mfc
-ceplen		13		13
-cmn		current		current
-cmninit	8.0		8.0
-compallsen	no		no
-ctl				/home/corey/workspace/MyMastersProject/resources/training/database/etc/database_test.fileids
-ctlcount	-1		1
-ctlincr	1		1
-ctloffset	0		0
-ctm				
-debug				0
-dict				/home/corey/workspace/MyMastersProject/resources/training/database/etc/database.dic
-dictcase	no		no
-dither		no		no
-doublebw	no		no
-ds		1		1
-fdict				
-feat		1s_c_d_dd	1s_c_d_dd
-featparams			
-fillprob	1e-8		1.000000e-08
-frate		100		100
-fsg				
-fsgctl				
-fsgdir				
-fsgext				
-fsgusealtpron	yes		yes
-fsgusefiller	yes		yes
-fwdflat	yes		yes
-fwdflatbeam	1e-64		1.000000e-64
-fwdflatefwid	4		4
-fwdflatlw	8.5		8.500000e+00
-fwdflatsfwin	25		25
-fwdflatwbeam	7e-29		7.000000e-29
-fwdtree	yes		yes
-hmm				/home/corey/workspace/MyMastersProject/resources/training/database/model_parameters/database.cd_cont_200
-hyp				/home/corey/workspace/MyMastersProject/resources/training/database/result/database-1-1.match
-hypseg				
-input_endian	little		little
-jsgf				
-kdmaxbbi	-1		-1
-kdmaxdepth	0		0
-kdtree				
-latsize	5000		5000
-lda				
-ldadim		0		0
-lextreedump	0		0
-lifter		0		0
-lm				/home/corey/workspace/MyMastersProject/resources/training/database/etc/database.lm.DMP
-lmctl				
-lmname		default		default
-lmnamectl			
-logbase	1.0001		1.000100e+00
-logfn				
-logspec	no		no
-lowerf		133.33334	1.333333e+02
-lpbeam		1e-40		1.000000e-40
-lponlybeam	7e-29		7.000000e-29
-lw		6.5		1.000000e+01
-maxhmmpf	-1		-1
-maxnewoov	20		20
-maxwpf		-1		-1
-mdef				
-mean				
-mfclogdir			
-min_endfr	0		0
-mixw				
-mixwfloor	0.0000001	1.000000e-07
-mllr				
-mllrctl			
-mllrdir			
-mllrext			
-mmap		yes		yes
-nbest		0		0
-nbestdir			
-nbestext	.hyp		.hyp
-ncep		13		13
-nfft		512		512
-nfilt		40		40
-nwpen		1.0		1.000000e+00
-outlatbeam	1e-5		1.000000e-05
-outlatdir			
-outlatext	.lat		.lat
-outlatfmt	s3		s3
-pbeam		1e-48		1.000000e-48
-pip		1.0		1.000000e+00
-pl_beam	1e-10		1.000000e-10
-pl_pbeam	1e-5		1.000000e-05
-pl_window	0		0
-rawlogdir			
-remove_dc	no		no
-round_filters	yes		yes
-samprate	16000		1.600000e+04
-seed		-1		-1
-sendump			
-senin		no		no
-senlogdir			
-senmgau			
-silprob	0.005		5.000000e-03
-smoothspec	no		no
-svspec				
-tmat				
-tmatfloor	0.0001		1.000000e-04
-topn		4		4
-topn_beam	0		0
-toprule			
-transform	legacy		legacy
-unit_area	yes		yes
-upperf		6855.4976	6.855498e+03
-usewdphones	no		no
-uw		1.0		1.000000e+00
-var				
-varfloor	0.0001		1.000000e-04
-varnorm	no		no
-verbose	no		no
-warp_params			
-warp_type	inverse_linear	inverse_linear
-wbeam		7e-29		1.000000e-40
-wip		0.65		2.000000e-01
-wlen		0.025625	2.562500e-02

ERROR: "acmod.c", line 88: Must specify -mdef or -hmm
FATAL_ERROR: "batch.c", line 819: PocketSphinx decoder init failed
Sun Oct 27 12:53:19 2013
